\BOOKMARK [1][-]{section.1}{\376\377\151\202\217\360}{}% 1
\BOOKMARK [1][-]{section.2}{\376\377\230\221\176\101\230\171\226\306\166\204\165\037\142\020}{}% 2
\BOOKMARK [2][-]{subsection.2.1}{\376\377\122\115\217\360}{section.2}% 3
\BOOKMARK [2][-]{subsection.2.2}{\376\377\133\236\163\260}{section.2}% 4
\BOOKMARK [2][-]{subsection.2.3}{\376\377\176\323\147\234}{section.2}% 5
\BOOKMARK [1][-]{section.3}{\376\377\000A\000p\000r\000i\000o\000r\000i\173\227\154\325\133\236\163\260}{}% 6
\BOOKMARK [2][-]{subsection.3.1}{\376\377\122\115\217\360}{section.3}% 7
\BOOKMARK [2][-]{subsection.3.2}{\376\377\133\236\163\260}{section.3}% 8
\BOOKMARK [2][-]{subsection.3.3}{\376\377\176\323\147\234}{section.3}% 9
\BOOKMARK [1][-]{section.4}{\376\377\121\163\200\124\211\304\122\031\165\037\142\020}{}% 10
\BOOKMARK [2][-]{subsection.4.1}{\376\377\122\115\217\360}{section.4}% 11
\BOOKMARK [2][-]{subsection.4.2}{\376\377\133\236\163\260}{section.4}% 12
\BOOKMARK [2][-]{subsection.4.3}{\376\377\176\323\147\234}{section.4}% 13
\BOOKMARK [1][-]{section.5}{\376\377\000R\000u\000l\000e\000G\000e\000n\000e\000r\000a\000t\000e\173\227\154\325\133\236\163\260}{}% 14
\BOOKMARK [2][-]{subsection.5.1}{\376\377\122\115\217\360}{section.5}% 15
\BOOKMARK [2][-]{subsection.5.2}{\376\377\133\236\163\260}{section.5}% 16
\BOOKMARK [2][-]{subsection.5.3}{\376\377\176\323\147\234}{section.5}% 17
\BOOKMARK [1][-]{section.6}{\376\377\173\227\154\325\122\006\147\220}{}% 18
\BOOKMARK [2][-]{subsection.6.1}{\376\377\122\115\217\360}{section.6}% 19
\BOOKMARK [2][-]{subsection.6.2}{\376\377\133\236\163\260}{section.6}% 20
\BOOKMARK [2][-]{subsection.6.3}{\376\377\176\323\147\234}{section.6}% 21
